The target system is: Generic -  - riscv64
The host system is: Linux - 4.15.0-193-generic - x86_64
Compiling the C compiler identification source file "CMakeCCompilerId.c" succeeded.
Compiler: /data/zhenhui.huang_sophgo/sophpi-huashan_0/mmf-sdk/host-tools/gcc/riscv64-elf-x86_64/bin/riscv64-unknown-elf-gcc 
Build flags: ;-O2;-std=gnu11;-march=rv64imafdc;-mabi=lp64d;-ffunction-sections;-fdata-sections;-Wl,--gc-sections;-Wno-pointer-to-int-cast;-fno-builtin;-Wno-missing-field-initializers;-g;-Wall;-Wextra;-nostdlib;-mcmodel=medany;-DFREERTOS_BSP;-DLINUX_BSP_128MB;-D__riscv_xlen=64;-DTHEAD_C906;-DCONFIG_64BIT;-DRISCV_FPU;-O2;-std=gnu11;-march=rv64imafdc;-mabi=lp64d;-ffunction-sections;-fdata-sections;-Wl,--gc-sections;-Wno-pointer-to-int-cast;-fno-builtin;-Wno-missing-field-initializers;-g;-Wall;-Wextra;-nostdlib;-mcmodel=medany;-DFREERTOS_BSP;-DLINUX_BSP_128MB;-D__riscv_xlen=64;-DTHEAD_C906;-DCONFIG_64BIT;-DRISCV_FPU
Id flags:  

The output was:
0
/data/zhenhui.huang_sophgo/sophpi-huashan_0/host-tools/gcc/riscv64-elf-x86_64/bin/../lib/gcc/riscv64-unknown-elf/10.2.0/../../../../riscv64-unknown-elf/bin/ld: warning: cannot find entry symbol _start; not setting start address


Compilation of the C compiler identification source "CMakeCCompilerId.c" produced "a.out"

Compiling the C compiler identification source file "CMakeCCompilerId.c" succeeded.
Compiler: /data/zhenhui.huang_sophgo/sophpi-huashan_0/mmf-sdk/host-tools/gcc/riscv64-elf-x86_64/bin/riscv64-unknown-elf-gcc 
Build flags: ;-O2;-std=gnu11;-march=rv64imafdc;-mabi=lp64d;-ffunction-sections;-fdata-sections;-Wl,--gc-sections;-Wno-pointer-to-int-cast;-fno-builtin;-Wno-missing-field-initializers;-g;-Wall;-Wextra;-nostdlib;-mcmodel=medany;-DFREERTOS_BSP;-DLINUX_BSP_128MB;-D__riscv_xlen=64;-DTHEAD_C906;-DCONFIG_64BIT;-DRISCV_FPU;-O2;-std=gnu11;-march=rv64imafdc;-mabi=lp64d;-ffunction-sections;-fdata-sections;-Wl,--gc-sections;-Wno-pointer-to-int-cast;-fno-builtin;-Wno-missing-field-initializers;-g;-Wall;-Wextra;-nostdlib;-mcmodel=medany;-DFREERTOS_BSP;-DLINUX_BSP_128MB;-D__riscv_xlen=64;-DTHEAD_C906;-DCONFIG_64BIT;-DRISCV_FPU
Id flags: -c 

The output was:
0


Compilation of the C compiler identification source "CMakeCCompilerId.c" produced "CMakeCCompilerId.o"

The C compiler identification is GNU, found in "/data/zhenhui.huang_sophgo/sophpi-huashan_0/mmf-sdk/freertos/cvitek/build/task/CMakeFiles/3.18.1/CompilerIdC/CMakeCCompilerId.o"

Checking whether the ASM compiler is GNU using "--version" matched "(GNU assembler)|(GCC)|(Free Software Foundation)":
riscv64-unknown-elf-gcc (V2.0.3.0-xialf) 10.2.0
Copyright (C) 2020 Free Software Foundation, Inc.
This is free software; see the source for copying conditions.  There is NO
warranty; not even for MERCHANTABILITY or FITNESS FOR A PARTICULAR PURPOSE.

Detecting C compiler ABI info compiled with the following output:
Change Dir: /data/zhenhui.huang_sophgo/sophpi-huashan_0/mmf-sdk/freertos/cvitek/build/task/CMakeFiles/CMakeTmp

Run Build Command(s):/usr/bin/ninja cmTC_736d3 && [1/2] Building C object CMakeFiles/cmTC_736d3.dir/CMakeCCompilerABI.c.obj
Using built-in specs.
COLLECT_GCC=/data/zhenhui.huang_sophgo/sophpi-huashan_0/mmf-sdk/host-tools/gcc/riscv64-elf-x86_64/bin/riscv64-unknown-elf-gcc
Target: riscv64-unknown-elf
Configured with: /ldhome/software/toolsbuild/slave2/workspace/Toolchain/release-riscv-0/./source/riscv/riscv-gcc/configure --target=riscv64-unknown-elf --with-gmp=/ldhome/software/toolsbuild/slave2/workspace/Toolchain/release-riscv-0/build-riscv-gcc-riscv64-unknown-elf/build-riscv64-elf-x86_64/lib-for-gcc-x86_64-linux --with-mpfr=/ldhome/software/toolsbuild/slave2/workspace/Toolchain/release-riscv-0/build-riscv-gcc-riscv64-unknown-elf/build-riscv64-elf-x86_64/lib-for-gcc-x86_64-linux --with-mpc=/ldhome/software/toolsbuild/slave2/workspace/Toolchain/release-riscv-0/build-riscv-gcc-riscv64-unknown-elf/build-riscv64-elf-x86_64/lib-for-gcc-x86_64-linux --with-libexpat-prefix=/ldhome/software/toolsbuild/slave2/workspace/Toolchain/release-riscv-0/build-riscv-gcc-riscv64-unknown-elf/build-riscv64-elf-x86_64/lib-for-gcc-x86_64-linux --with-pkgversion=V2.0.3.0-xialf --enable-libgcctf --prefix=/ldhome/software/toolsbuild/slave2/workspace/Toolchain/release-riscv-0/build-riscv-gcc-riscv64-unknown-elf/riscv64-elf-x86_64 --disable-shared --disable-threads --enable-languages=c,c++ --with-system-zlib --enable-tls --with-newlib --with-sysroot=/ldhome/software/toolsbuild/slave2/workspace/Toolchain/release-riscv-0/build-riscv-gcc-riscv64-unknown-elf/riscv64-elf-x86_64/riscv64-unknown-elf --with-native-system-header-dir=/include --disable-libmudflap --disable-libssp --disable-libquadmath --disable-libgomp --disable-nls --disable-tm-clone-registry --src=/ldhome/software/toolsbuild/slave2/workspace/Toolchain/release-riscv-0/./source/riscv/riscv-gcc --enable-multilib --with-abi=lp64d --with-arch=rv64gcxthead 'CFLAGS_FOR_TARGET=-Os   -mcmodel=medany' 'CXXFLAGS_FOR_TARGET=-Os   -mcmodel=medany'
Thread model: single
Supported LTO compression algorithms: zlib
gcc version 10.2.0 (V2.0.3.0-xialf) 
COLLECT_GCC_OPTIONS='-O2' '-std=gnu11' '-march=rv64imafdc' '-mabi=lp64d' '-g' '-nostdlib' '-mcmodel=medany' '-D' 'FREERTOS_BSP' '-D' 'LINUX_BSP_128MB' '-D' '__riscv_xlen=64' '-D' 'THEAD_C906' '-D' 'CONFIG_64BIT' '-D' 'RISCV_FPU' '-O2' '-std=gnu11' '-march=rv64imafdc' '-mabi=lp64d' '-ffunction-sections' '-fdata-sections' '-Wno-pointer-to-int-cast' '-fno-builtin' '-Wno-missing-field-initializers' '-g' '-Wall' '-Wextra' '-nostdlib' '-mcmodel=medany' '-D' 'FREERTOS_BSP' '-D' 'LINUX_BSP_128MB' '-D' '__riscv_xlen=64' '-D' 'THEAD_C906' '-D' 'CONFIG_64BIT' '-D' 'RISCV_FPU' '-v' '-o' 'CMakeFiles/cmTC_736d3.dir/CMakeCCompilerABI.c.obj' '-c' '-march=rv64imafdc' '-march=rv64imafdc'
 /data/zhenhui.huang_sophgo/sophpi-huashan_0/host-tools/gcc/riscv64-elf-x86_64/bin/../libexec/gcc/riscv64-unknown-elf/10.2.0/cc1 -quiet -v -imultilib rv64imafdc/lp64d -iprefix /data/zhenhui.huang_sophgo/sophpi-huashan_0/host-tools/gcc/riscv64-elf-x86_64/bin/../lib/gcc/riscv64-unknown-elf/10.2.0/ -isysroot /data/zhenhui.huang_sophgo/sophpi-huashan_0/host-tools/gcc/riscv64-elf-x86_64/bin/../riscv64-unknown-elf -D FREERTOS_BSP -D LINUX_BSP_128MB -D __riscv_xlen=64 -D THEAD_C906 -D CONFIG_64BIT -D RISCV_FPU -D FREERTOS_BSP -D LINUX_BSP_128MB -D __riscv_xlen=64 -D THEAD_C906 -D CONFIG_64BIT -D RISCV_FPU /usr/local/share/cmake-3.18/Modules/CMakeCCompilerABI.c -quiet -dumpbase CMakeCCompilerABI.c -march=rv64imafdc -mabi=lp64d -mcmodel=medany -march=rv64imafdc -mabi=lp64d -mcmodel=medany -march=rv64imafdc -march=rv64imafdc -auxbase-strip CMakeFiles/cmTC_736d3.dir/CMakeCCompilerABI.c.obj -g -g -O2 -O2 -Wno-pointer-to-int-cast -Wno-missing-field-initializers -Wall -Wextra -std=gnu11 -std=gnu11 -version -ffunction-sections -fdata-sections -fno-builtin -o /tmp/ccYodS4A.s
GNU C11 (V2.0.3.0-xialf) version 10.2.0 (riscv64-unknown-elf)
	compiled by GNU C version 6.4.0, GMP version 6.2.0, MPFR version 4.0.2, MPC version 1.1.0, isl version none
GGC heuristics: --param ggc-min-expand=100 --param ggc-min-heapsize=131072
ignoring duplicate directory "/data/zhenhui.huang_sophgo/sophpi-huashan_0/host-tools/gcc/riscv64-elf-x86_64/bin/../lib/gcc/../../lib/gcc/riscv64-unknown-elf/10.2.0/include"
ignoring nonexistent directory "/data/zhenhui.huang_sophgo/sophpi-huashan_0/host-tools/gcc/riscv64-elf-x86_64/bin/../riscv64-unknown-elf/usr/local/include"
ignoring duplicate directory "/data/zhenhui.huang_sophgo/sophpi-huashan_0/host-tools/gcc/riscv64-elf-x86_64/bin/../lib/gcc/../../lib/gcc/riscv64-unknown-elf/10.2.0/include-fixed"
ignoring duplicate directory "/data/zhenhui.huang_sophgo/sophpi-huashan_0/host-tools/gcc/riscv64-elf-x86_64/bin/../lib/gcc/../../lib/gcc/riscv64-unknown-elf/10.2.0/../../../../riscv64-unknown-elf/include"
ignoring duplicate directory "/data/zhenhui.huang_sophgo/sophpi-huashan_0/host-tools/gcc/riscv64-elf-x86_64/bin/../riscv64-unknown-elf/include"
#include "..." search starts here:
#include <...> search starts here:
 /data/zhenhui.huang_sophgo/sophpi-huashan_0/host-tools/gcc/riscv64-elf-x86_64/bin/../lib/gcc/riscv64-unknown-elf/10.2.0/include
 /data/zhenhui.huang_sophgo/sophpi-huashan_0/host-tools/gcc/riscv64-elf-x86_64/bin/../lib/gcc/riscv64-unknown-elf/10.2.0/include-fixed
 /data/zhenhui.huang_sophgo/sophpi-huashan_0/host-tools/gcc/riscv64-elf-x86_64/bin/../lib/gcc/riscv64-unknown-elf/10.2.0/../../../../riscv64-unknown-elf/include
End of search list.
GNU C11 (V2.0.3.0-xialf) version 10.2.0 (riscv64-unknown-elf)
	compiled by GNU C version 6.4.0, GMP version 6.2.0, MPFR version 4.0.2, MPC version 1.1.0, isl version none
GGC heuristics: --param ggc-min-expand=100 --param ggc-min-heapsize=131072
Compiler executable checksum: 35e4292ea16d2231bac8d992238e0f20
COLLECT_GCC_OPTIONS='-O2' '-std=gnu11' '-march=rv64imafdc' '-mabi=lp64d' '-g' '-nostdlib' '-mcmodel=medany' '-D' 'FREERTOS_BSP' '-D' 'LINUX_BSP_128MB' '-D' '__riscv_xlen=64' '-D' 'THEAD_C906' '-D' 'CONFIG_64BIT' '-D' 'RISCV_FPU' '-O2' '-std=gnu11' '-march=rv64imafdc' '-mabi=lp64d' '-ffunction-sections' '-fdata-sections' '-Wno-pointer-to-int-cast' '-fno-builtin' '-Wno-missing-field-initializers' '-g' '-Wall' '-Wextra' '-nostdlib' '-mcmodel=medany' '-D' 'FREERTOS_BSP' '-D' 'LINUX_BSP_128MB' '-D' '__riscv_xlen=64' '-D' 'THEAD_C906' '-D' 'CONFIG_64BIT' '-D' 'RISCV_FPU' '-v' '-o' 'CMakeFiles/cmTC_736d3.dir/CMakeCCompilerABI.c.obj' '-c' '-march=rv64imafdc' '-march=rv64imafdc'
 /data/zhenhui.huang_sophgo/sophpi-huashan_0/host-tools/gcc/riscv64-elf-x86_64/bin/../lib/gcc/riscv64-unknown-elf/10.2.0/../../../../riscv64-unknown-elf/bin/as -v --traditional-format -march=rv64imafdc -march=rv64imafdc -march=rv64imafdc -march=rv64imafdc -mabi=lp64d -mabi=lp64d -o CMakeFiles/cmTC_736d3.dir/CMakeCCompilerABI.c.obj /tmp/ccYodS4A.s
GNU assembler version 2.32 (riscv64-unknown-elf) using BFD version (GNU Binutils) 2.32
COMPILER_PATH=/data/zhenhui.huang_sophgo/sophpi-huashan_0/host-tools/gcc/riscv64-elf-x86_64/bin/../libexec/gcc/riscv64-unknown-elf/10.2.0/:/data/zhenhui.huang_sophgo/sophpi-huashan_0/host-tools/gcc/riscv64-elf-x86_64/bin/../libexec/gcc/:/data/zhenhui.huang_sophgo/sophpi-huashan_0/host-tools/gcc/riscv64-elf-x86_64/bin/../lib/gcc/riscv64-unknown-elf/10.2.0/../../../../riscv64-unknown-elf/bin/
LIBRARY_PATH=/data/zhenhui.huang_sophgo/sophpi-huashan_0/host-tools/gcc/riscv64-elf-x86_64/bin/../lib/gcc/riscv64-unknown-elf/10.2.0/rv64imafdc/lp64d/:/data/zhenhui.huang_sophgo/sophpi-huashan_0/host-tools/gcc/riscv64-elf-x86_64/bin/../lib/gcc/riscv64-unknown-elf/10.2.0/../../../../riscv64-unknown-elf/lib/rv64imafdc/lp64d/:/data/zhenhui.huang_sophgo/sophpi-huashan_0/host-tools/gcc/riscv64-elf-x86_64/bin/../riscv64-unknown-elf/lib/rv64imafdc/lp64d/:/data/zhenhui.huang_sophgo/sophpi-huashan_0/host-tools/gcc/riscv64-elf-x86_64/bin/../lib/gcc/riscv64-unknown-elf/10.2.0/:/data/zhenhui.huang_sophgo/sophpi-huashan_0/host-tools/gcc/riscv64-elf-x86_64/bin/../lib/gcc/:/data/zhenhui.huang_sophgo/sophpi-huashan_0/host-tools/gcc/riscv64-elf-x86_64/bin/../lib/gcc/riscv64-unknown-elf/10.2.0/../../../../riscv64-unknown-elf/lib/:/data/zhenhui.huang_sophgo/sophpi-huashan_0/host-tools/gcc/riscv64-elf-x86_64/bin/../riscv64-unknown-elf/lib/
COLLECT_GCC_OPTIONS='-O2' '-std=gnu11' '-march=rv64imafdc' '-mabi=lp64d' '-g' '-nostdlib' '-mcmodel=medany' '-D' 'FREERTOS_BSP' '-D' 'LINUX_BSP_128MB' '-D' '__riscv_xlen=64' '-D' 'THEAD_C906' '-D' 'CONFIG_64BIT' '-D' 'RISCV_FPU' '-O2' '-std=gnu11' '-march=rv64imafdc' '-mabi=lp64d' '-ffunction-sections' '-fdata-sections' '-Wno-pointer-to-int-cast' '-fno-builtin' '-Wno-missing-field-initializers' '-g' '-Wall' '-Wextra' '-nostdlib' '-mcmodel=medany' '-D' 'FREERTOS_BSP' '-D' 'LINUX_BSP_128MB' '-D' '__riscv_xlen=64' '-D' 'THEAD_C906' '-D' 'CONFIG_64BIT' '-D' 'RISCV_FPU' '-v' '-o' 'CMakeFiles/cmTC_736d3.dir/CMakeCCompilerABI.c.obj' '-c' '-march=rv64imafdc' '-march=rv64imafdc'
[2/2] Linking C executable cmTC_736d3
Using built-in specs.
COLLECT_GCC=/data/zhenhui.huang_sophgo/sophpi-huashan_0/mmf-sdk/host-tools/gcc/riscv64-elf-x86_64/bin/riscv64-unknown-elf-gcc
COLLECT_LTO_WRAPPER=/data/zhenhui.huang_sophgo/sophpi-huashan_0/host-tools/gcc/riscv64-elf-x86_64/bin/../libexec/gcc/riscv64-unknown-elf/10.2.0/lto-wrapper
Target: riscv64-unknown-elf
Configured with: /ldhome/software/toolsbuild/slave2/workspace/Toolchain/release-riscv-0/./source/riscv/riscv-gcc/configure --target=riscv64-unknown-elf --with-gmp=/ldhome/software/toolsbuild/slave2/workspace/Toolchain/release-riscv-0/build-riscv-gcc-riscv64-unknown-elf/build-riscv64-elf-x86_64/lib-for-gcc-x86_64-linux --with-mpfr=/ldhome/software/toolsbuild/slave2/workspace/Toolchain/release-riscv-0/build-riscv-gcc-riscv64-unknown-elf/build-riscv64-elf-x86_64/lib-for-gcc-x86_64-linux --with-mpc=/ldhome/software/toolsbuild/slave2/workspace/Toolchain/release-riscv-0/build-riscv-gcc-riscv64-unknown-elf/build-riscv64-elf-x86_64/lib-for-gcc-x86_64-linux --with-libexpat-prefix=/ldhome/software/toolsbuild/slave2/workspace/Toolchain/release-riscv-0/build-riscv-gcc-riscv64-unknown-elf/build-riscv64-elf-x86_64/lib-for-gcc-x86_64-linux --with-pkgversion=V2.0.3.0-xialf --enable-libgcctf --prefix=/ldhome/software/toolsbuild/slave2/workspace/Toolchain/release-riscv-0/build-riscv-gcc-riscv64-unknown-elf/riscv64-elf-x86_64 --disable-shared --disable-threads --enable-languages=c,c++ --with-system-zlib --enable-tls --with-newlib --with-sysroot=/ldhome/software/toolsbuild/slave2/workspace/Toolchain/release-riscv-0/build-riscv-gcc-riscv64-unknown-elf/riscv64-elf-x86_64/riscv64-unknown-elf --with-native-system-header-dir=/include --disable-libmudflap --disable-libssp --disable-libquadmath --disable-libgomp --disable-nls --disable-tm-clone-registry --src=/ldhome/software/toolsbuild/slave2/workspace/Toolchain/release-riscv-0/./source/riscv/riscv-gcc --enable-multilib --with-abi=lp64d --with-arch=rv64gcxthead 'CFLAGS_FOR_TARGET=-Os   -mcmodel=medany' 'CXXFLAGS_FOR_TARGET=-Os   -mcmodel=medany'
Thread model: single
Supported LTO compression algorithms: zlib
gcc version 10.2.0 (V2.0.3.0-xialf) 
COMPILER_PATH=/data/zhenhui.huang_sophgo/sophpi-huashan_0/host-tools/gcc/riscv64-elf-x86_64/bin/../libexec/gcc/riscv64-unknown-elf/10.2.0/:/data/zhenhui.huang_sophgo/sophpi-huashan_0/host-tools/gcc/riscv64-elf-x86_64/bin/../libexec/gcc/:/data/zhenhui.huang_sophgo/sophpi-huashan_0/host-tools/gcc/riscv64-elf-x86_64/bin/../lib/gcc/riscv64-unknown-elf/10.2.0/../../../../riscv64-unknown-elf/bin/
LIBRARY_PATH=/data/zhenhui.huang_sophgo/sophpi-huashan_0/host-tools/gcc/riscv64-elf-x86_64/bin/../lib/gcc/riscv64-unknown-elf/10.2.0/rv64imafdc/lp64d/:/data/zhenhui.huang_sophgo/sophpi-huashan_0/host-tools/gcc/riscv64-elf-x86_64/bin/../lib/gcc/riscv64-unknown-elf/10.2.0/../../../../riscv64-unknown-elf/lib/rv64imafdc/lp64d/:/data/zhenhui.huang_sophgo/sophpi-huashan_0/host-tools/gcc/riscv64-elf-x86_64/bin/../riscv64-unknown-elf/lib/rv64imafdc/lp64d/:/data/zhenhui.huang_sophgo/sophpi-huashan_0/host-tools/gcc/riscv64-elf-x86_64/bin/../lib/gcc/riscv64-unknown-elf/10.2.0/:/data/zhenhui.huang_sophgo/sophpi-huashan_0/host-tools/gcc/riscv64-elf-x86_64/bin/../lib/gcc/:/data/zhenhui.huang_sophgo/sophpi-huashan_0/host-tools/gcc/riscv64-elf-x86_64/bin/../lib/gcc/riscv64-unknown-elf/10.2.0/../../../../riscv64-unknown-elf/lib/:/data/zhenhui.huang_sophgo/sophpi-huashan_0/host-tools/gcc/riscv64-elf-x86_64/bin/../riscv64-unknown-elf/lib/
COLLECT_GCC_OPTIONS='-O2' '-std=gnu11' '-march=rv64imafdc' '-mabi=lp64d' '-g' '-nostdlib' '-mcmodel=medany' '-D' 'FREERTOS_BSP' '-D' 'LINUX_BSP_128MB' '-D' '__riscv_xlen=64' '-D' 'THEAD_C906' '-D' 'CONFIG_64BIT' '-D' 'RISCV_FPU' '-O2' '-std=gnu11' '-march=rv64imafdc' '-mabi=lp64d' '-ffunction-sections' '-fdata-sections' '-Wno-pointer-to-int-cast' '-fno-builtin' '-Wno-missing-field-initializers' '-g' '-Wall' '-Wextra' '-nostdlib' '-mcmodel=medany' '-D' 'FREERTOS_BSP' '-D' 'LINUX_BSP_128MB' '-D' '__riscv_xlen=64' '-D' 'THEAD_C906' '-D' 'CONFIG_64BIT' '-D' 'RISCV_FPU' '-v' '-o' 'cmTC_736d3' '-march=rv64imafdc' '-march=rv64imafdc'
 /data/zhenhui.huang_sophgo/sophpi-huashan_0/host-tools/gcc/riscv64-elf-x86_64/bin/../libexec/gcc/riscv64-unknown-elf/10.2.0/collect2 -plugin /data/zhenhui.huang_sophgo/sophpi-huashan_0/host-tools/gcc/riscv64-elf-x86_64/bin/../libexec/gcc/riscv64-unknown-elf/10.2.0/liblto_plugin.so -plugin-opt=/data/zhenhui.huang_sophgo/sophpi-huashan_0/host-tools/gcc/riscv64-elf-x86_64/bin/../libexec/gcc/riscv64-unknown-elf/10.2.0/lto-wrapper -plugin-opt=-fresolution=/tmp/ccY81SMG.res --sysroot=/data/zhenhui.huang_sophgo/sophpi-huashan_0/host-tools/gcc/riscv64-elf-x86_64/bin/../riscv64-unknown-elf -melf64lriscv -o cmTC_736d3 -L/data/zhenhui.huang_sophgo/sophpi-huashan_0/host-tools/gcc/riscv64-elf-x86_64/bin/../lib/gcc/riscv64-unknown-elf/10.2.0/rv64imafdc/lp64d -L/data/zhenhui.huang_sophgo/sophpi-huashan_0/host-tools/gcc/riscv64-elf-x86_64/bin/../lib/gcc/riscv64-unknown-elf/10.2.0/../../../../riscv64-unknown-elf/lib/rv64imafdc/lp64d -L/data/zhenhui.huang_sophgo/sophpi-huashan_0/host-tools/gcc/riscv64-elf-x86_64/bin/../riscv64-unknown-elf/lib/rv64imafdc/lp64d -L/data/zhenhui.huang_sophgo/sophpi-huashan_0/host-tools/gcc/riscv64-elf-x86_64/bin/../lib/gcc/riscv64-unknown-elf/10.2.0 -L/data/zhenhui.huang_sophgo/sophpi-huashan_0/host-tools/gcc/riscv64-elf-x86_64/bin/../lib/gcc -L/data/zhenhui.huang_sophgo/sophpi-huashan_0/host-tools/gcc/riscv64-elf-x86_64/bin/../lib/gcc/riscv64-unknown-elf/10.2.0/../../../../riscv64-unknown-elf/lib -L/data/zhenhui.huang_sophgo/sophpi-huashan_0/host-tools/gcc/riscv64-elf-x86_64/bin/../riscv64-unknown-elf/lib --gc-sections --gc-sections CMakeFiles/cmTC_736d3.dir/CMakeCCompilerABI.c.obj
/data/zhenhui.huang_sophgo/sophpi-huashan_0/host-tools/gcc/riscv64-elf-x86_64/bin/../lib/gcc/riscv64-unknown-elf/10.2.0/../../../../riscv64-unknown-elf/bin/ld: warning: cannot find entry symbol _start; not setting start address
COLLECT_GCC_OPTIONS='-O2' '-std=gnu11' '-march=rv64imafdc' '-mabi=lp64d' '-g' '-nostdlib' '-mcmodel=medany' '-D' 'FREERTOS_BSP' '-D' 'LINUX_BSP_128MB' '-D' '__riscv_xlen=64' '-D' 'THEAD_C906' '-D' 'CONFIG_64BIT' '-D' 'RISCV_FPU' '-O2' '-std=gnu11' '-march=rv64imafdc' '-mabi=lp64d' '-ffunction-sections' '-fdata-sections' '-Wno-pointer-to-int-cast' '-fno-builtin' '-Wno-missing-field-initializers' '-g' '-Wall' '-Wextra' '-nostdlib' '-mcmodel=medany' '-D' 'FREERTOS_BSP' '-D' 'LINUX_BSP_128MB' '-D' '__riscv_xlen=64' '-D' 'THEAD_C906' '-D' 'CONFIG_64BIT' '-D' 'RISCV_FPU' '-v' '-o' 'cmTC_736d3' '-march=rv64imafdc' '-march=rv64imafdc'



Parsed C implicit include dir info from above output: rv=done
  found start of include info
  found start of implicit include info
    add: [/data/zhenhui.huang_sophgo/sophpi-huashan_0/host-tools/gcc/riscv64-elf-x86_64/bin/../lib/gcc/riscv64-unknown-elf/10.2.0/include]
    add: [/data/zhenhui.huang_sophgo/sophpi-huashan_0/host-tools/gcc/riscv64-elf-x86_64/bin/../lib/gcc/riscv64-unknown-elf/10.2.0/include-fixed]
    add: [/data/zhenhui.huang_sophgo/sophpi-huashan_0/host-tools/gcc/riscv64-elf-x86_64/bin/../lib/gcc/riscv64-unknown-elf/10.2.0/../../../../riscv64-unknown-elf/include]
  end of search list found
  collapse include dir [/data/zhenhui.huang_sophgo/sophpi-huashan_0/host-tools/gcc/riscv64-elf-x86_64/bin/../lib/gcc/riscv64-unknown-elf/10.2.0/include] ==> [/data/zhenhui.huang_sophgo/sophpi-huashan_0/host-tools/gcc/riscv64-elf-x86_64/lib/gcc/riscv64-unknown-elf/10.2.0/include]
  collapse include dir [/data/zhenhui.huang_sophgo/sophpi-huashan_0/host-tools/gcc/riscv64-elf-x86_64/bin/../lib/gcc/riscv64-unknown-elf/10.2.0/include-fixed] ==> [/data/zhenhui.huang_sophgo/sophpi-huashan_0/host-tools/gcc/riscv64-elf-x86_64/lib/gcc/riscv64-unknown-elf/10.2.0/include-fixed]
  collapse include dir [/data/zhenhui.huang_sophgo/sophpi-huashan_0/host-tools/gcc/riscv64-elf-x86_64/bin/../lib/gcc/riscv64-unknown-elf/10.2.0/../../../../riscv64-unknown-elf/include] ==> [/data/zhenhui.huang_sophgo/sophpi-huashan_0/host-tools/gcc/riscv64-elf-x86_64/riscv64-unknown-elf/include]
  implicit include dirs: [/data/zhenhui.huang_sophgo/sophpi-huashan_0/host-tools/gcc/riscv64-elf-x86_64/lib/gcc/riscv64-unknown-elf/10.2.0/include;/data/zhenhui.huang_sophgo/sophpi-huashan_0/host-tools/gcc/riscv64-elf-x86_64/lib/gcc/riscv64-unknown-elf/10.2.0/include-fixed;/data/zhenhui.huang_sophgo/sophpi-huashan_0/host-tools/gcc/riscv64-elf-x86_64/riscv64-unknown-elf/include]


Parsed C implicit link information from above output:
  link line regex: [^( *|.*[/\])(riscv64-unknown-elf-ld|CMAKE_LINK_STARTFILE-NOTFOUND|([^/\]+-)?ld|collect2)[^/\]*( |$)]
  ignore line: [Change Dir: /data/zhenhui.huang_sophgo/sophpi-huashan_0/mmf-sdk/freertos/cvitek/build/task/CMakeFiles/CMakeTmp]
  ignore line: []
  ignore line: [Run Build Command(s):/usr/bin/ninja cmTC_736d3 && [1/2] Building C object CMakeFiles/cmTC_736d3.dir/CMakeCCompilerABI.c.obj]
  ignore line: [Using built-in specs.]
  ignore line: [COLLECT_GCC=/data/zhenhui.huang_sophgo/sophpi-huashan_0/mmf-sdk/host-tools/gcc/riscv64-elf-x86_64/bin/riscv64-unknown-elf-gcc]
  ignore line: [Target: riscv64-unknown-elf]
  ignore line: [Configured with: /ldhome/software/toolsbuild/slave2/workspace/Toolchain/release-riscv-0/./source/riscv/riscv-gcc/configure --target=riscv64-unknown-elf --with-gmp=/ldhome/software/toolsbuild/slave2/workspace/Toolchain/release-riscv-0/build-riscv-gcc-riscv64-unknown-elf/build-riscv64-elf-x86_64/lib-for-gcc-x86_64-linux --with-mpfr=/ldhome/software/toolsbuild/slave2/workspace/Toolchain/release-riscv-0/build-riscv-gcc-riscv64-unknown-elf/build-riscv64-elf-x86_64/lib-for-gcc-x86_64-linux --with-mpc=/ldhome/software/toolsbuild/slave2/workspace/Toolchain/release-riscv-0/build-riscv-gcc-riscv64-unknown-elf/build-riscv64-elf-x86_64/lib-for-gcc-x86_64-linux --with-libexpat-prefix=/ldhome/software/toolsbuild/slave2/workspace/Toolchain/release-riscv-0/build-riscv-gcc-riscv64-unknown-elf/build-riscv64-elf-x86_64/lib-for-gcc-x86_64-linux --with-pkgversion=V2.0.3.0-xialf --enable-libgcctf --prefix=/ldhome/software/toolsbuild/slave2/workspace/Toolchain/release-riscv-0/build-riscv-gcc-riscv64-unknown-elf/riscv64-elf-x86_64 --disable-shared --disable-threads --enable-languages=c c++ --with-system-zlib --enable-tls --with-newlib --with-sysroot=/ldhome/software/toolsbuild/slave2/workspace/Toolchain/release-riscv-0/build-riscv-gcc-riscv64-unknown-elf/riscv64-elf-x86_64/riscv64-unknown-elf --with-native-system-header-dir=/include --disable-libmudflap --disable-libssp --disable-libquadmath --disable-libgomp --disable-nls --disable-tm-clone-registry --src=/ldhome/software/toolsbuild/slave2/workspace/Toolchain/release-riscv-0/./source/riscv/riscv-gcc --enable-multilib --with-abi=lp64d --with-arch=rv64gcxthead 'CFLAGS_FOR_TARGET=-Os   -mcmodel=medany' 'CXXFLAGS_FOR_TARGET=-Os   -mcmodel=medany']
  ignore line: [Thread model: single]
  ignore line: [Supported LTO compression algorithms: zlib]
  ignore line: [gcc version 10.2.0 (V2.0.3.0-xialf) ]
  ignore line: [COLLECT_GCC_OPTIONS='-O2' '-std=gnu11' '-march=rv64imafdc' '-mabi=lp64d' '-g' '-nostdlib' '-mcmodel=medany' '-D' 'FREERTOS_BSP' '-D' 'LINUX_BSP_128MB' '-D' '__riscv_xlen=64' '-D' 'THEAD_C906' '-D' 'CONFIG_64BIT' '-D' 'RISCV_FPU' '-O2' '-std=gnu11' '-march=rv64imafdc' '-mabi=lp64d' '-ffunction-sections' '-fdata-sections' '-Wno-pointer-to-int-cast' '-fno-builtin' '-Wno-missing-field-initializers' '-g' '-Wall' '-Wextra' '-nostdlib' '-mcmodel=medany' '-D' 'FREERTOS_BSP' '-D' 'LINUX_BSP_128MB' '-D' '__riscv_xlen=64' '-D' 'THEAD_C906' '-D' 'CONFIG_64BIT' '-D' 'RISCV_FPU' '-v' '-o' 'CMakeFiles/cmTC_736d3.dir/CMakeCCompilerABI.c.obj' '-c' '-march=rv64imafdc' '-march=rv64imafdc']
  ignore line: [ /data/zhenhui.huang_sophgo/sophpi-huashan_0/host-tools/gcc/riscv64-elf-x86_64/bin/../libexec/gcc/riscv64-unknown-elf/10.2.0/cc1 -quiet -v -imultilib rv64imafdc/lp64d -iprefix /data/zhenhui.huang_sophgo/sophpi-huashan_0/host-tools/gcc/riscv64-elf-x86_64/bin/../lib/gcc/riscv64-unknown-elf/10.2.0/ -isysroot /data/zhenhui.huang_sophgo/sophpi-huashan_0/host-tools/gcc/riscv64-elf-x86_64/bin/../riscv64-unknown-elf -D FREERTOS_BSP -D LINUX_BSP_128MB -D __riscv_xlen=64 -D THEAD_C906 -D CONFIG_64BIT -D RISCV_FPU -D FREERTOS_BSP -D LINUX_BSP_128MB -D __riscv_xlen=64 -D THEAD_C906 -D CONFIG_64BIT -D RISCV_FPU /usr/local/share/cmake-3.18/Modules/CMakeCCompilerABI.c -quiet -dumpbase CMakeCCompilerABI.c -march=rv64imafdc -mabi=lp64d -mcmodel=medany -march=rv64imafdc -mabi=lp64d -mcmodel=medany -march=rv64imafdc -march=rv64imafdc -auxbase-strip CMakeFiles/cmTC_736d3.dir/CMakeCCompilerABI.c.obj -g -g -O2 -O2 -Wno-pointer-to-int-cast -Wno-missing-field-initializers -Wall -Wextra -std=gnu11 -std=gnu11 -version -ffunction-sections -fdata-sections -fno-builtin -o /tmp/ccYodS4A.s]
  ignore line: [GNU C11 (V2.0.3.0-xialf) version 10.2.0 (riscv64-unknown-elf)]
  ignore line: [	compiled by GNU C version 6.4.0  GMP version 6.2.0  MPFR version 4.0.2  MPC version 1.1.0  isl version none]
  ignore line: [GGC heuristics: --param ggc-min-expand=100 --param ggc-min-heapsize=131072]
  ignore line: [ignoring duplicate directory "/data/zhenhui.huang_sophgo/sophpi-huashan_0/host-tools/gcc/riscv64-elf-x86_64/bin/../lib/gcc/../../lib/gcc/riscv64-unknown-elf/10.2.0/include"]
  ignore line: [ignoring nonexistent directory "/data/zhenhui.huang_sophgo/sophpi-huashan_0/host-tools/gcc/riscv64-elf-x86_64/bin/../riscv64-unknown-elf/usr/local/include"]
  ignore line: [ignoring duplicate directory "/data/zhenhui.huang_sophgo/sophpi-huashan_0/host-tools/gcc/riscv64-elf-x86_64/bin/../lib/gcc/../../lib/gcc/riscv64-unknown-elf/10.2.0/include-fixed"]
  ignore line: [ignoring duplicate directory "/data/zhenhui.huang_sophgo/sophpi-huashan_0/host-tools/gcc/riscv64-elf-x86_64/bin/../lib/gcc/../../lib/gcc/riscv64-unknown-elf/10.2.0/../../../../riscv64-unknown-elf/include"]
  ignore line: [ignoring duplicate directory "/data/zhenhui.huang_sophgo/sophpi-huashan_0/host-tools/gcc/riscv64-elf-x86_64/bin/../riscv64-unknown-elf/include"]
  ignore line: [#include "..." search starts here:]
  ignore line: [#include <...> search starts here:]
  ignore line: [ /data/zhenhui.huang_sophgo/sophpi-huashan_0/host-tools/gcc/riscv64-elf-x86_64/bin/../lib/gcc/riscv64-unknown-elf/10.2.0/include]
  ignore line: [ /data/zhenhui.huang_sophgo/sophpi-huashan_0/host-tools/gcc/riscv64-elf-x86_64/bin/../lib/gcc/riscv64-unknown-elf/10.2.0/include-fixed]
  ignore line: [ /data/zhenhui.huang_sophgo/sophpi-huashan_0/host-tools/gcc/riscv64-elf-x86_64/bin/../lib/gcc/riscv64-unknown-elf/10.2.0/../../../../riscv64-unknown-elf/include]
  ignore line: [End of search list.]
  ignore line: [GNU C11 (V2.0.3.0-xialf) version 10.2.0 (riscv64-unknown-elf)]
  ignore line: [	compiled by GNU C version 6.4.0  GMP version 6.2.0  MPFR version 4.0.2  MPC version 1.1.0  isl version none]
  ignore line: [GGC heuristics: --param ggc-min-expand=100 --param ggc-min-heapsize=131072]
  ignore line: [Compiler executable checksum: 35e4292ea16d2231bac8d992238e0f20]
  ignore line: [COLLECT_GCC_OPTIONS='-O2' '-std=gnu11' '-march=rv64imafdc' '-mabi=lp64d' '-g' '-nostdlib' '-mcmodel=medany' '-D' 'FREERTOS_BSP' '-D' 'LINUX_BSP_128MB' '-D' '__riscv_xlen=64' '-D' 'THEAD_C906' '-D' 'CONFIG_64BIT' '-D' 'RISCV_FPU' '-O2' '-std=gnu11' '-march=rv64imafdc' '-mabi=lp64d' '-ffunction-sections' '-fdata-sections' '-Wno-pointer-to-int-cast' '-fno-builtin' '-Wno-missing-field-initializers' '-g' '-Wall' '-Wextra' '-nostdlib' '-mcmodel=medany' '-D' 'FREERTOS_BSP' '-D' 'LINUX_BSP_128MB' '-D' '__riscv_xlen=64' '-D' 'THEAD_C906' '-D' 'CONFIG_64BIT' '-D' 'RISCV_FPU' '-v' '-o' 'CMakeFiles/cmTC_736d3.dir/CMakeCCompilerABI.c.obj' '-c' '-march=rv64imafdc' '-march=rv64imafdc']
  ignore line: [ /data/zhenhui.huang_sophgo/sophpi-huashan_0/host-tools/gcc/riscv64-elf-x86_64/bin/../lib/gcc/riscv64-unknown-elf/10.2.0/../../../../riscv64-unknown-elf/bin/as -v --traditional-format -march=rv64imafdc -march=rv64imafdc -march=rv64imafdc -march=rv64imafdc -mabi=lp64d -mabi=lp64d -o CMakeFiles/cmTC_736d3.dir/CMakeCCompilerABI.c.obj /tmp/ccYodS4A.s]
  ignore line: [GNU assembler version 2.32 (riscv64-unknown-elf) using BFD version (GNU Binutils) 2.32]
  ignore line: [COMPILER_PATH=/data/zhenhui.huang_sophgo/sophpi-huashan_0/host-tools/gcc/riscv64-elf-x86_64/bin/../libexec/gcc/riscv64-unknown-elf/10.2.0/:/data/zhenhui.huang_sophgo/sophpi-huashan_0/host-tools/gcc/riscv64-elf-x86_64/bin/../libexec/gcc/:/data/zhenhui.huang_sophgo/sophpi-huashan_0/host-tools/gcc/riscv64-elf-x86_64/bin/../lib/gcc/riscv64-unknown-elf/10.2.0/../../../../riscv64-unknown-elf/bin/]
  ignore line: [LIBRARY_PATH=/data/zhenhui.huang_sophgo/sophpi-huashan_0/host-tools/gcc/riscv64-elf-x86_64/bin/../lib/gcc/riscv64-unknown-elf/10.2.0/rv64imafdc/lp64d/:/data/zhenhui.huang_sophgo/sophpi-huashan_0/host-tools/gcc/riscv64-elf-x86_64/bin/../lib/gcc/riscv64-unknown-elf/10.2.0/../../../../riscv64-unknown-elf/lib/rv64imafdc/lp64d/:/data/zhenhui.huang_sophgo/sophpi-huashan_0/host-tools/gcc/riscv64-elf-x86_64/bin/../riscv64-unknown-elf/lib/rv64imafdc/lp64d/:/data/zhenhui.huang_sophgo/sophpi-huashan_0/host-tools/gcc/riscv64-elf-x86_64/bin/../lib/gcc/riscv64-unknown-elf/10.2.0/:/data/zhenhui.huang_sophgo/sophpi-huashan_0/host-tools/gcc/riscv64-elf-x86_64/bin/../lib/gcc/:/data/zhenhui.huang_sophgo/sophpi-huashan_0/host-tools/gcc/riscv64-elf-x86_64/bin/../lib/gcc/riscv64-unknown-elf/10.2.0/../../../../riscv64-unknown-elf/lib/:/data/zhenhui.huang_sophgo/sophpi-huashan_0/host-tools/gcc/riscv64-elf-x86_64/bin/../riscv64-unknown-elf/lib/]
  ignore line: [COLLECT_GCC_OPTIONS='-O2' '-std=gnu11' '-march=rv64imafdc' '-mabi=lp64d' '-g' '-nostdlib' '-mcmodel=medany' '-D' 'FREERTOS_BSP' '-D' 'LINUX_BSP_128MB' '-D' '__riscv_xlen=64' '-D' 'THEAD_C906' '-D' 'CONFIG_64BIT' '-D' 'RISCV_FPU' '-O2' '-std=gnu11' '-march=rv64imafdc' '-mabi=lp64d' '-ffunction-sections' '-fdata-sections' '-Wno-pointer-to-int-cast' '-fno-builtin' '-Wno-missing-field-initializers' '-g' '-Wall' '-Wextra' '-nostdlib' '-mcmodel=medany' '-D' 'FREERTOS_BSP' '-D' 'LINUX_BSP_128MB' '-D' '__riscv_xlen=64' '-D' 'THEAD_C906' '-D' 'CONFIG_64BIT' '-D' 'RISCV_FPU' '-v' '-o' 'CMakeFiles/cmTC_736d3.dir/CMakeCCompilerABI.c.obj' '-c' '-march=rv64imafdc' '-march=rv64imafdc']
  ignore line: [[2/2] Linking C executable cmTC_736d3]
  ignore line: [Using built-in specs.]
  ignore line: [COLLECT_GCC=/data/zhenhui.huang_sophgo/sophpi-huashan_0/mmf-sdk/host-tools/gcc/riscv64-elf-x86_64/bin/riscv64-unknown-elf-gcc]
  ignore line: [COLLECT_LTO_WRAPPER=/data/zhenhui.huang_sophgo/sophpi-huashan_0/host-tools/gcc/riscv64-elf-x86_64/bin/../libexec/gcc/riscv64-unknown-elf/10.2.0/lto-wrapper]
  ignore line: [Target: riscv64-unknown-elf]
  ignore line: [Configured with: /ldhome/software/toolsbuild/slave2/workspace/Toolchain/release-riscv-0/./source/riscv/riscv-gcc/configure --target=riscv64-unknown-elf --with-gmp=/ldhome/software/toolsbuild/slave2/workspace/Toolchain/release-riscv-0/build-riscv-gcc-riscv64-unknown-elf/build-riscv64-elf-x86_64/lib-for-gcc-x86_64-linux --with-mpfr=/ldhome/software/toolsbuild/slave2/workspace/Toolchain/release-riscv-0/build-riscv-gcc-riscv64-unknown-elf/build-riscv64-elf-x86_64/lib-for-gcc-x86_64-linux --with-mpc=/ldhome/software/toolsbuild/slave2/workspace/Toolchain/release-riscv-0/build-riscv-gcc-riscv64-unknown-elf/build-riscv64-elf-x86_64/lib-for-gcc-x86_64-linux --with-libexpat-prefix=/ldhome/software/toolsbuild/slave2/workspace/Toolchain/release-riscv-0/build-riscv-gcc-riscv64-unknown-elf/build-riscv64-elf-x86_64/lib-for-gcc-x86_64-linux --with-pkgversion=V2.0.3.0-xialf --enable-libgcctf --prefix=/ldhome/software/toolsbuild/slave2/workspace/Toolchain/release-riscv-0/build-riscv-gcc-riscv64-unknown-elf/riscv64-elf-x86_64 --disable-shared --disable-threads --enable-languages=c c++ --with-system-zlib --enable-tls --with-newlib --with-sysroot=/ldhome/software/toolsbuild/slave2/workspace/Toolchain/release-riscv-0/build-riscv-gcc-riscv64-unknown-elf/riscv64-elf-x86_64/riscv64-unknown-elf --with-native-system-header-dir=/include --disable-libmudflap --disable-libssp --disable-libquadmath --disable-libgomp --disable-nls --disable-tm-clone-registry --src=/ldhome/software/toolsbuild/slave2/workspace/Toolchain/release-riscv-0/./source/riscv/riscv-gcc --enable-multilib --with-abi=lp64d --with-arch=rv64gcxthead 'CFLAGS_FOR_TARGET=-Os   -mcmodel=medany' 'CXXFLAGS_FOR_TARGET=-Os   -mcmodel=medany']
  ignore line: [Thread model: single]
  ignore line: [Supported LTO compression algorithms: zlib]
  ignore line: [gcc version 10.2.0 (V2.0.3.0-xialf) ]
  ignore line: [COMPILER_PATH=/data/zhenhui.huang_sophgo/sophpi-huashan_0/host-tools/gcc/riscv64-elf-x86_64/bin/../libexec/gcc/riscv64-unknown-elf/10.2.0/:/data/zhenhui.huang_sophgo/sophpi-huashan_0/host-tools/gcc/riscv64-elf-x86_64/bin/../libexec/gcc/:/data/zhenhui.huang_sophgo/sophpi-huashan_0/host-tools/gcc/riscv64-elf-x86_64/bin/../lib/gcc/riscv64-unknown-elf/10.2.0/../../../../riscv64-unknown-elf/bin/]
  ignore line: [LIBRARY_PATH=/data/zhenhui.huang_sophgo/sophpi-huashan_0/host-tools/gcc/riscv64-elf-x86_64/bin/../lib/gcc/riscv64-unknown-elf/10.2.0/rv64imafdc/lp64d/:/data/zhenhui.huang_sophgo/sophpi-huashan_0/host-tools/gcc/riscv64-elf-x86_64/bin/../lib/gcc/riscv64-unknown-elf/10.2.0/../../../../riscv64-unknown-elf/lib/rv64imafdc/lp64d/:/data/zhenhui.huang_sophgo/sophpi-huashan_0/host-tools/gcc/riscv64-elf-x86_64/bin/../riscv64-unknown-elf/lib/rv64imafdc/lp64d/:/data/zhenhui.huang_sophgo/sophpi-huashan_0/host-tools/gcc/riscv64-elf-x86_64/bin/../lib/gcc/riscv64-unknown-elf/10.2.0/:/data/zhenhui.huang_sophgo/sophpi-huashan_0/host-tools/gcc/riscv64-elf-x86_64/bin/../lib/gcc/:/data/zhenhui.huang_sophgo/sophpi-huashan_0/host-tools/gcc/riscv64-elf-x86_64/bin/../lib/gcc/riscv64-unknown-elf/10.2.0/../../../../riscv64-unknown-elf/lib/:/data/zhenhui.huang_sophgo/sophpi-huashan_0/host-tools/gcc/riscv64-elf-x86_64/bin/../riscv64-unknown-elf/lib/]
  ignore line: [COLLECT_GCC_OPTIONS='-O2' '-std=gnu11' '-march=rv64imafdc' '-mabi=lp64d' '-g' '-nostdlib' '-mcmodel=medany' '-D' 'FREERTOS_BSP' '-D' 'LINUX_BSP_128MB' '-D' '__riscv_xlen=64' '-D' 'THEAD_C906' '-D' 'CONFIG_64BIT' '-D' 'RISCV_FPU' '-O2' '-std=gnu11' '-march=rv64imafdc' '-mabi=lp64d' '-ffunction-sections' '-fdata-sections' '-Wno-pointer-to-int-cast' '-fno-builtin' '-Wno-missing-field-initializers' '-g' '-Wall' '-Wextra' '-nostdlib' '-mcmodel=medany' '-D' 'FREERTOS_BSP' '-D' 'LINUX_BSP_128MB' '-D' '__riscv_xlen=64' '-D' 'THEAD_C906' '-D' 'CONFIG_64BIT' '-D' 'RISCV_FPU' '-v' '-o' 'cmTC_736d3' '-march=rv64imafdc' '-march=rv64imafdc']
  link line: [ /data/zhenhui.huang_sophgo/sophpi-huashan_0/host-tools/gcc/riscv64-elf-x86_64/bin/../libexec/gcc/riscv64-unknown-elf/10.2.0/collect2 -plugin /data/zhenhui.huang_sophgo/sophpi-huashan_0/host-tools/gcc/riscv64-elf-x86_64/bin/../libexec/gcc/riscv64-unknown-elf/10.2.0/liblto_plugin.so -plugin-opt=/data/zhenhui.huang_sophgo/sophpi-huashan_0/host-tools/gcc/riscv64-elf-x86_64/bin/../libexec/gcc/riscv64-unknown-elf/10.2.0/lto-wrapper -plugin-opt=-fresolution=/tmp/ccY81SMG.res --sysroot=/data/zhenhui.huang_sophgo/sophpi-huashan_0/host-tools/gcc/riscv64-elf-x86_64/bin/../riscv64-unknown-elf -melf64lriscv -o cmTC_736d3 -L/data/zhenhui.huang_sophgo/sophpi-huashan_0/host-tools/gcc/riscv64-elf-x86_64/bin/../lib/gcc/riscv64-unknown-elf/10.2.0/rv64imafdc/lp64d -L/data/zhenhui.huang_sophgo/sophpi-huashan_0/host-tools/gcc/riscv64-elf-x86_64/bin/../lib/gcc/riscv64-unknown-elf/10.2.0/../../../../riscv64-unknown-elf/lib/rv64imafdc/lp64d -L/data/zhenhui.huang_sophgo/sophpi-huashan_0/host-tools/gcc/riscv64-elf-x86_64/bin/../riscv64-unknown-elf/lib/rv64imafdc/lp64d -L/data/zhenhui.huang_sophgo/sophpi-huashan_0/host-tools/gcc/riscv64-elf-x86_64/bin/../lib/gcc/riscv64-unknown-elf/10.2.0 -L/data/zhenhui.huang_sophgo/sophpi-huashan_0/host-tools/gcc/riscv64-elf-x86_64/bin/../lib/gcc -L/data/zhenhui.huang_sophgo/sophpi-huashan_0/host-tools/gcc/riscv64-elf-x86_64/bin/../lib/gcc/riscv64-unknown-elf/10.2.0/../../../../riscv64-unknown-elf/lib -L/data/zhenhui.huang_sophgo/sophpi-huashan_0/host-tools/gcc/riscv64-elf-x86_64/bin/../riscv64-unknown-elf/lib --gc-sections --gc-sections CMakeFiles/cmTC_736d3.dir/CMakeCCompilerABI.c.obj]
    arg [/data/zhenhui.huang_sophgo/sophpi-huashan_0/host-tools/gcc/riscv64-elf-x86_64/bin/../libexec/gcc/riscv64-unknown-elf/10.2.0/collect2] ==> ignore
    arg [-plugin] ==> ignore
    arg [/data/zhenhui.huang_sophgo/sophpi-huashan_0/host-tools/gcc/riscv64-elf-x86_64/bin/../libexec/gcc/riscv64-unknown-elf/10.2.0/liblto_plugin.so] ==> ignore
    arg [-plugin-opt=/data/zhenhui.huang_sophgo/sophpi-huashan_0/host-tools/gcc/riscv64-elf-x86_64/bin/../libexec/gcc/riscv64-unknown-elf/10.2.0/lto-wrapper] ==> ignore
    arg [-plugin-opt=-fresolution=/tmp/ccY81SMG.res] ==> ignore
    arg [--sysroot=/data/zhenhui.huang_sophgo/sophpi-huashan_0/host-tools/gcc/riscv64-elf-x86_64/bin/../riscv64-unknown-elf] ==> ignore
    arg [-melf64lriscv] ==> ignore
    arg [-o] ==> ignore
    arg [cmTC_736d3] ==> ignore
    arg [-L/data/zhenhui.huang_sophgo/sophpi-huashan_0/host-tools/gcc/riscv64-elf-x86_64/bin/../lib/gcc/riscv64-unknown-elf/10.2.0/rv64imafdc/lp64d] ==> dir [/data/zhenhui.huang_sophgo/sophpi-huashan_0/host-tools/gcc/riscv64-elf-x86_64/bin/../lib/gcc/riscv64-unknown-elf/10.2.0/rv64imafdc/lp64d]
    arg [-L/data/zhenhui.huang_sophgo/sophpi-huashan_0/host-tools/gcc/riscv64-elf-x86_64/bin/../lib/gcc/riscv64-unknown-elf/10.2.0/../../../../riscv64-unknown-elf/lib/rv64imafdc/lp64d] ==> dir [/data/zhenhui.huang_sophgo/sophpi-huashan_0/host-tools/gcc/riscv64-elf-x86_64/bin/../lib/gcc/riscv64-unknown-elf/10.2.0/../../../../riscv64-unknown-elf/lib/rv64imafdc/lp64d]
    arg [-L/data/zhenhui.huang_sophgo/sophpi-huashan_0/host-tools/gcc/riscv64-elf-x86_64/bin/../riscv64-unknown-elf/lib/rv64imafdc/lp64d] ==> dir [/data/zhenhui.huang_sophgo/sophpi-huashan_0/host-tools/gcc/riscv64-elf-x86_64/bin/../riscv64-unknown-elf/lib/rv64imafdc/lp64d]
    arg [-L/data/zhenhui.huang_sophgo/sophpi-huashan_0/host-tools/gcc/riscv64-elf-x86_64/bin/../lib/gcc/riscv64-unknown-elf/10.2.0] ==> dir [/data/zhenhui.huang_sophgo/sophpi-huashan_0/host-tools/gcc/riscv64-elf-x86_64/bin/../lib/gcc/riscv64-unknown-elf/10.2.0]
    arg [-L/data/zhenhui.huang_sophgo/sophpi-huashan_0/host-tools/gcc/riscv64-elf-x86_64/bin/../lib/gcc] ==> dir [/data/zhenhui.huang_sophgo/sophpi-huashan_0/host-tools/gcc/riscv64-elf-x86_64/bin/../lib/gcc]
    arg [-L/data/zhenhui.huang_sophgo/sophpi-huashan_0/host-tools/gcc/riscv64-elf-x86_64/bin/../lib/gcc/riscv64-unknown-elf/10.2.0/../../../../riscv64-unknown-elf/lib] ==> dir [/data/zhenhui.huang_sophgo/sophpi-huashan_0/host-tools/gcc/riscv64-elf-x86_64/bin/../lib/gcc/riscv64-unknown-elf/10.2.0/../../../../riscv64-unknown-elf/lib]
    arg [-L/data/zhenhui.huang_sophgo/sophpi-huashan_0/host-tools/gcc/riscv64-elf-x86_64/bin/../riscv64-unknown-elf/lib] ==> dir [/data/zhenhui.huang_sophgo/sophpi-huashan_0/host-tools/gcc/riscv64-elf-x86_64/bin/../riscv64-unknown-elf/lib]
    arg [--gc-sections] ==> ignore
    arg [--gc-sections] ==> ignore
    arg [CMakeFiles/cmTC_736d3.dir/CMakeCCompilerABI.c.obj] ==> ignore
  collapse library dir [/data/zhenhui.huang_sophgo/sophpi-huashan_0/host-tools/gcc/riscv64-elf-x86_64/bin/../lib/gcc/riscv64-unknown-elf/10.2.0/rv64imafdc/lp64d] ==> [/data/zhenhui.huang_sophgo/sophpi-huashan_0/host-tools/gcc/riscv64-elf-x86_64/lib/gcc/riscv64-unknown-elf/10.2.0/rv64imafdc/lp64d]
  collapse library dir [/data/zhenhui.huang_sophgo/sophpi-huashan_0/host-tools/gcc/riscv64-elf-x86_64/bin/../lib/gcc/riscv64-unknown-elf/10.2.0/../../../../riscv64-unknown-elf/lib/rv64imafdc/lp64d] ==> [/data/zhenhui.huang_sophgo/sophpi-huashan_0/host-tools/gcc/riscv64-elf-x86_64/riscv64-unknown-elf/lib/rv64imafdc/lp64d]
  collapse library dir [/data/zhenhui.huang_sophgo/sophpi-huashan_0/host-tools/gcc/riscv64-elf-x86_64/bin/../riscv64-unknown-elf/lib/rv64imafdc/lp64d] ==> [/data/zhenhui.huang_sophgo/sophpi-huashan_0/host-tools/gcc/riscv64-elf-x86_64/riscv64-unknown-elf/lib/rv64imafdc/lp64d]
  collapse library dir [/data/zhenhui.huang_sophgo/sophpi-huashan_0/host-tools/gcc/riscv64-elf-x86_64/bin/../lib/gcc/riscv64-unknown-elf/10.2.0] ==> [/data/zhenhui.huang_sophgo/sophpi-huashan_0/host-tools/gcc/riscv64-elf-x86_64/lib/gcc/riscv64-unknown-elf/10.2.0]
  collapse library dir [/data/zhenhui.huang_sophgo/sophpi-huashan_0/host-tools/gcc/riscv64-elf-x86_64/bin/../lib/gcc] ==> [/data/zhenhui.huang_sophgo/sophpi-huashan_0/host-tools/gcc/riscv64-elf-x86_64/lib/gcc]
  collapse library dir [/data/zhenhui.huang_sophgo/sophpi-huashan_0/host-tools/gcc/riscv64-elf-x86_64/bin/../lib/gcc/riscv64-unknown-elf/10.2.0/../../../../riscv64-unknown-elf/lib] ==> [/data/zhenhui.huang_sophgo/sophpi-huashan_0/host-tools/gcc/riscv64-elf-x86_64/riscv64-unknown-elf/lib]
  collapse library dir [/data/zhenhui.huang_sophgo/sophpi-huashan_0/host-tools/gcc/riscv64-elf-x86_64/bin/../riscv64-unknown-elf/lib] ==> [/data/zhenhui.huang_sophgo/sophpi-huashan_0/host-tools/gcc/riscv64-elf-x86_64/riscv64-unknown-elf/lib]
  implicit libs: []
  implicit dirs: [/data/zhenhui.huang_sophgo/sophpi-huashan_0/host-tools/gcc/riscv64-elf-x86_64/lib/gcc/riscv64-unknown-elf/10.2.0/rv64imafdc/lp64d;/data/zhenhui.huang_sophgo/sophpi-huashan_0/host-tools/gcc/riscv64-elf-x86_64/riscv64-unknown-elf/lib/rv64imafdc/lp64d;/data/zhenhui.huang_sophgo/sophpi-huashan_0/host-tools/gcc/riscv64-elf-x86_64/lib/gcc/riscv64-unknown-elf/10.2.0;/data/zhenhui.huang_sophgo/sophpi-huashan_0/host-tools/gcc/riscv64-elf-x86_64/lib/gcc;/data/zhenhui.huang_sophgo/sophpi-huashan_0/host-tools/gcc/riscv64-elf-x86_64/riscv64-unknown-elf/lib]
  implicit fwks: []


